<?xml version="1.0" encoding="UTF-8"?>

<assembly> 
  <id>test-jar-with-dependencies</id>  
  <formats> 
    <format>jar</format> 
  </formats>  
  <includeBaseDirectory>false</includeBaseDirectory>  
  <dependencySets> 
    <dependencySet> 
      <outputDirectory>/</outputDirectory>  
      <useProjectArtifact>true</useProjectArtifact>  
      <useProjectAttachments>true</useProjectAttachments>  
      <unpack>true</unpack>  
      <scope>test</scope> 
    </dependencySet> 
  </dependencySets> 
</assembly>
